<?xml version="1.0" encoding="UTF-8"?>
<!-- Generated by org.testng.reporters.JUnitReportReporter -->
<testsuite skipped="0" hostname="DESKTOP-E4SG70C" name="Docker.SetUp_DockerGrid" tests="2" failures="0" timestamp="04 Jun 2020 23:47:15 GMT" time="30.130" errors="0">
  <testcase name="startDockerGrid" time="25.044" classname="Docker.SetUp_DockerGrid"/>
  <testcase name="stopDockerGrid" time="5.086" classname="Docker.SetUp_DockerGrid"/>
</testsuite> <!-- Docker.SetUp_DockerGrid -->
