<?xml version="1.0" encoding="UTF-8"?>
<!-- Generated by org.testng.reporters.JUnitReportReporter -->
<testsuite skipped="0" hostname="DESKTOP-E4SG70C" name="Docker.FireFoxTest4" tests="1" failures="0" timestamp="11 Jun 2020 17:03:24 GMT" time="57.860" errors="0">
  <testcase name="test4" time="57.860" classname="Docker.FireFoxTest4"/>
</testsuite> <!-- Docker.FireFoxTest4 -->
