<?xml version="1.0" encoding="UTF-8"?>
<!-- Generated by org.testng.reporters.JUnitReportReporter -->
<testsuite skipped="0" hostname="DESKTOP-E4SG70C" name="Docker.ChromeTest1" tests="1" failures="0" timestamp="11 Jun 2020 17:03:24 GMT" time="14.454" errors="0">
  <testcase name="test1" time="14.454" classname="Docker.ChromeTest1"/>
</testsuite> <!-- Docker.ChromeTest1 -->
