<?xml version="1.0" encoding="UTF-8"?>
<!-- Generated by org.testng.reporters.JUnitReportReporter -->
<testsuite skipped="0" hostname="DESKTOP-E4SG70C" name="Docker.ChromeTest3" tests="1" failures="0" timestamp="11 Jun 2020 17:03:24 GMT" time="17.233" errors="0">
  <testcase name="test3" time="17.233" classname="Docker.ChromeTest3"/>
</testsuite> <!-- Docker.ChromeTest3 -->
