<?xml version="1.0" encoding="UTF-8"?>
<!-- Generated by org.testng.reporters.JUnitReportReporter -->
<testsuite skipped="0" hostname="DESKTOP-E4SG70C" name="Docker.ChromeTest2" tests="1" failures="0" timestamp="11 Jun 2020 17:03:24 GMT" time="14.985" errors="0">
  <testcase name="test2" time="14.985" classname="Docker.ChromeTest2"/>
</testsuite> <!-- Docker.ChromeTest2 -->
